<?xml version="1.0" encoding="UTF-8"?>
<!-- Generated by org.testng.reporters.JUnitReportReporter -->
<testsuite skipped="0" hostname="DESKTOP-GAMJ8L6" name="Scripts.validLogin" tests="1" failures="0" timestamp="15 Mar 2019 13:03:42 GMT" time="10.102" errors="1">
  <testcase name="launchbrowres" time="10.102" classname="Scripts.validLogin">
    <error type="org.openqa.selenium.UnsupportedCommandException" message="&lt;!DOCTYPE HTML PUBLIC &quot;-//W3C//DTD HTML 4.01 Transitional//EN&quot;&gt;
&lt;!-- $Id: Error.jsp,v 1.2 2006/03/03 06:41:45 sperumal Exp $--&gt;
&lt;html&gt;
&lt;head&gt;
  &lt;title&gt;Zoho CRM - Error&lt;/title&gt;
  &lt;meta http-equiv=&quot;Content-Type&quot;
 content=&quot;text/html; charset=iso-8859-1&quot;&gt;
  &lt;meta http-equiv=&quot;Pragma&quot; content=&quot;no-cache&quot;&gt;
  &lt;link href=&quot;/crm/css/blue_banner.css&quot; rel=&quot;stylesheet&quot; type=&quot;text/css&quot;&gt;
&lt;/head&gt;
&lt;body leftmargin=&quot;0&quot; topmargin=&quot;0&quot; class=&quot;bodyBg&quot; marginheight=&quot;0&quot;
 marginwidth=&quot;0&quot;&gt;
&lt;table width=&quot;98%&quot; height=&quot;100%&quot; border=&quot;0&quot; align=&quot;center&quot;
 cellpadding=&quot;0&quot; cellspacing=&quot;0&quot;
 style=&quot;background-color: rgb(255, 255, 255);&quot;&gt;
  &lt;tbody&gt;
    &lt;tr&gt;
      &lt;td height=&quot;400&quot; align=&quot;center&quot; valign=&quot;middle&quot;
 class=&quot;layoutBorder&quot; style=&quot;padding-bottom: 10px;&quot;&gt;
      &lt;table border=&quot;0&quot; cellpadding=&quot;0&quot; cellspacing=&quot;0&quot; width=&quot;670&quot;&gt;
        &lt;tbody&gt;
          &lt;tr align=&quot;left&quot;&gt;
            &lt;td class=&quot;signinTxt&quot; style=&quot;color: rgb(0, 0, 0);&quot;&gt;
            &lt;table border=&quot;0&quot; cellspacing=&quot;0&quot; cellpadding=&quot;0&quot;
 width=&quot;100%&quot; background=&quot;/crm/images/genPgBg.gif&quot;&gt;
              &lt;tbody&gt;
                &lt;tr&gt;
                  &lt;td&gt;&lt;img src=&quot;/crm/images/genPgLeft.gif&quot;&gt;&lt;/td&gt;
                  &lt;td&gt;&lt;img src=&quot;/crm/images/genPgLogo.gif&quot;
 alt=&quot;Zoho CRM&quot; title=&quot;Zoho CRM&quot; border=&quot;0&quot;&gt;&lt;/td&gt;
                  &lt;td&gt;&lt;img src=&quot;/crm/images/genPgError.gif&quot;
 alt=&quot;Errors&quot; title=&quot;Errors&quot; style=&quot;border: 0px solid ;&quot;&gt;&lt;/td&gt;
                  &lt;td width=&quot;100%&quot; align=&quot;right&quot; class=&quot;normalTxt&quot;&gt; &lt;br&gt;
                  &lt;/td&gt;
                &lt;/tr&gt;
              &lt;/tbody&gt;
            &lt;/table&gt;
            &lt;/td&gt;
            &lt;td align=&quot;right&quot; nowrap=&quot;nowrap&quot; valign=&quot;middle&quot;&gt; &lt;br&gt;
            &lt;/td&gt;
          &lt;/tr&gt;
          &lt;tr&gt;
            &lt;td height=&quot;180&quot; colspan=&quot;2&quot; align=&quot;center&quot; valign=&quot;top&quot;&gt;
            &lt;table border=&quot;0&quot; cellpadding=&quot;0&quot; cellspacing=&quot;0&quot;
 width=&quot;100%&quot;&gt;
              &lt;tbody&gt;
                &lt;tr&gt;
                  &lt;td align=&quot;left&quot; valign=&quot;top&quot;&gt;
                  &lt;table cellpadding=&quot;5&quot; cellspacing=&quot;5&quot; width=&quot;100%&quot;
 style=&quot;border-top: 1px solid rgb(204, 204, 204);&quot;&gt;
                    &lt;tbody&gt;
                      &lt;tr&gt;
                        &lt;td class=&quot;NormalTxt&quot;&gt;&lt;br&gt;
                        &lt;div align=&quot;center&quot;&gt;&lt;b&gt;Sorry, the page you have requested was not found.&lt;/b&gt;
                        &lt;/div&gt;
                        &lt;/td&gt;
                      &lt;/tr&gt;
                      &lt;tr&gt;
                        &lt;td height=&quot;73&quot; align=&quot;center&quot; class=&quot;NormalTxt&quot;&gt;&lt;br&gt;
Please check the URL for proper spelling and capitalization.&lt;br&gt;
                        &lt;br&gt;
If you&#039;re having trouble locating a destination on Zoho CRM, try
visiting the Zoho CRM home page.&lt;br&gt;
                        &lt;br&gt;
Go to &lt;a href=&quot;/crm/ShowHomePage.do&quot;&gt;Home Page&lt;/a&gt;
                        &lt;br&gt;
                        &lt;br&gt;
                        &lt;br&gt;
                        &lt;br&gt;
                        &lt;/td&gt;
                      &lt;/tr&gt;
                    &lt;/tbody&gt;
                  &lt;/table&gt;
                  &lt;/td&gt;
                &lt;/tr&gt;
              &lt;/tbody&gt;
            &lt;/table&gt;
            &lt;/td&gt;
          &lt;/tr&gt;
          &lt;tr&gt;
            &lt;td height=&quot;50&quot; colspan=&quot;2&quot;&gt;&lt;br&gt;
            &lt;/td&gt;
          &lt;/tr&gt;
        &lt;/tbody&gt;
      &lt;/table&gt;
      &lt;/td&gt;
    &lt;/tr&gt;
  &lt;/tbody&gt;
&lt;/table&gt;
&lt;/body&gt;
&lt;/html&gt;

Command duration or timeout: 75 milliseconds
Build info: version: &#039;2.43.1&#039;, revision: &#039;5163bceef1bc36d43f3dc0b83c88998168a363a0&#039;, time: &#039;2014-09-10 09:43:55&#039;
System info: host: &#039;DESKTOP-GAMJ8L6&#039;, ip: &#039;192.168.58.1&#039;, os.name: &#039;Windows 10&#039;, os.arch: &#039;amd64&#039;, os.version: &#039;10.0&#039;, java.version: &#039;1.8.0_201&#039;
Driver info: org.openqa.selenium.remote.RemoteWebDriver">
      <![CDATA[org.openqa.selenium.UnsupportedCommandException: <!DOCTYPE HTML PUBLIC "-//W3C//DTD HTML 4.01 Transitional//EN">
<!-- $Id: Error.jsp,v 1.2 2006/03/03 06:41:45 sperumal Exp $-->
<html>
<head>
  <title>Zoho CRM - Error</title>
  <meta http-equiv="Content-Type"
 content="text/html; charset=iso-8859-1">
  <meta http-equiv="Pragma" content="no-cache">
  <link href="/crm/css/blue_banner.css" rel="stylesheet" type="text/css">
</head>
<body leftmargin="0" topmargin="0" class="bodyBg" marginheight="0"
 marginwidth="0">
<table width="98%" height="100%" border="0" align="center"
 cellpadding="0" cellspacing="0"
 style="background-color: rgb(255, 255, 255);">
  <tbody>
    <tr>
      <td height="400" align="center" valign="middle"
 class="layoutBorder" style="padding-bottom: 10px;">
      <table border="0" cellpadding="0" cellspacing="0" width="670">
        <tbody>
          <tr align="left">
            <td class="signinTxt" style="color: rgb(0, 0, 0);">
            <table border="0" cellspacing="0" cellpadding="0"
 width="100%" background="/crm/images/genPgBg.gif">
              <tbody>
                <tr>
                  <td><img src="/crm/images/genPgLeft.gif"></td>
                  <td><img src="/crm/images/genPgLogo.gif"
 alt="Zoho CRM" title="Zoho CRM" border="0"></td>
                  <td><img src="/crm/images/genPgError.gif"
 alt="Errors" title="Errors" style="border: 0px solid ;"></td>
                  <td width="100%" align="right" class="normalTxt"> <br>
                  </td>
                </tr>
              </tbody>
            </table>
            </td>
            <td align="right" nowrap="nowrap" valign="middle"> <br>
            </td>
          </tr>
          <tr>
            <td height="180" colspan="2" align="center" valign="top">
            <table border="0" cellpadding="0" cellspacing="0"
 width="100%">
              <tbody>
                <tr>
                  <td align="left" valign="top">
                  <table cellpadding="5" cellspacing="5" width="100%"
 style="border-top: 1px solid rgb(204, 204, 204);">
                    <tbody>
                      <tr>
                        <td class="NormalTxt"><br>
                        <div align="center"><b>Sorry, the page you have requested was not found.</b>
                        </div>
                        </td>
                      </tr>
                      <tr>
                        <td height="73" align="center" class="NormalTxt"><br>
Please check the URL for proper spelling and capitalization.<br>
                        <br>
If you're having trouble locating a destination on Zoho CRM, try
visiting the Zoho CRM home page.<br>
                        <br>
Go to <a href="/crm/ShowHomePage.do">Home Page</a>
                        <br>
                        <br>
                        <br>
                        <br>
                        </td>
                      </tr>
                    </tbody>
                  </table>
                  </td>
                </tr>
              </tbody>
            </table>
            </td>
          </tr>
          <tr>
            <td height="50" colspan="2"><br>
            </td>
          </tr>
        </tbody>
      </table>
      </td>
    </tr>
  </tbody>
</table>
</body>
</html>

Command duration or timeout: 75 milliseconds
Build info: version: '2.43.1', revision: '5163bceef1bc36d43f3dc0b83c88998168a363a0', time: '2014-09-10 09:43:55'
System info: host: 'DESKTOP-GAMJ8L6', ip: '192.168.58.1', os.name: 'Windows 10', os.arch: 'amd64', os.version: '10.0', java.version: '1.8.0_201'
Driver info: org.openqa.selenium.remote.RemoteWebDriver
at sun.reflect.NativeConstructorAccessorImpl.newInstance0(Native Method)
at sun.reflect.NativeConstructorAccessorImpl.newInstance(Unknown Source)
at sun.reflect.DelegatingConstructorAccessorImpl.newInstance(Unknown Source)
at java.lang.reflect.Constructor.newInstance(Unknown Source)
at org.openqa.selenium.remote.ErrorHandler.createThrowable(ErrorHandler.java:204)
at org.openqa.selenium.remote.ErrorHandler.throwIfResponseFailed(ErrorHandler.java:156)
at org.openqa.selenium.remote.RemoteWebDriver.execute(RemoteWebDriver.java:599)
at org.openqa.selenium.remote.RemoteWebDriver.startSession(RemoteWebDriver.java:240)
at org.openqa.selenium.remote.RemoteWebDriver.<init>(RemoteWebDriver.java:126)
at org.openqa.selenium.remote.RemoteWebDriver.<init>(RemoteWebDriver.java:153)
at Scripts.validLogin.launchbrowres(validLogin.java:33)
at sun.reflect.NativeMethodAccessorImpl.invoke0(Native Method)
at sun.reflect.NativeMethodAccessorImpl.invoke(Unknown Source)
at sun.reflect.DelegatingMethodAccessorImpl.invoke(Unknown Source)
at java.lang.reflect.Method.invoke(Unknown Source)
at org.testng.internal.MethodInvocationHelper.invokeMethod(MethodInvocationHelper.java:124)
at org.testng.internal.Invoker.invokeMethod(Invoker.java:580)
at org.testng.internal.Invoker.invokeTestMethod(Invoker.java:716)
at org.testng.internal.Invoker.invokeTestMethods(Invoker.java:988)
at org.testng.internal.TestMethodWorker.invokeTestMethods(TestMethodWorker.java:125)
at org.testng.internal.TestMethodWorker.run(TestMethodWorker.java:109)
at org.testng.TestRunner.privateRun(TestRunner.java:648)
at org.testng.TestRunner.run(TestRunner.java:505)
at org.testng.SuiteRunner.runTest(SuiteRunner.java:455)
at org.testng.SuiteRunner.runSequentially(SuiteRunner.java:450)
at org.testng.SuiteRunner.privateRun(SuiteRunner.java:415)
at org.testng.SuiteRunner.run(SuiteRunner.java:364)
at org.testng.SuiteRunnerWorker.runSuite(SuiteRunnerWorker.java:52)
at org.testng.SuiteRunnerWorker.run(SuiteRunnerWorker.java:84)
at org.testng.TestNG.runSuitesSequentially(TestNG.java:1208)
at org.testng.TestNG.runSuitesLocally(TestNG.java:1137)
at org.testng.TestNG.runSuites(TestNG.java:1049)
at org.testng.TestNG.run(TestNG.java:1017)
at org.testng.remote.AbstractRemoteTestNG.run(AbstractRemoteTestNG.java:114)
at org.testng.remote.RemoteTestNG.initAndRun(RemoteTestNG.java:251)
at org.testng.remote.RemoteTestNG.main(RemoteTestNG.java:77)
]]>
    </error>
  </testcase> <!-- launchbrowres -->
</testsuite> <!-- Scripts.validLogin -->
